<?xml version="1.0" encoding="UTF-8"?>
<!-- Generated by org.testng.reporters.JUnitReportReporter -->
<testsuite hostname="Dell" failures="0" tests="1" name="com.ecommercewebform.testcases.TC_02" time="22.619" errors="0" timestamp="2021-05-25T19:16:29 PKT" skipped="0">
  <testcase classname="com.ecommercewebform.testcases.TC_02" name="TC2" time="22.619"/>
  <system-out/>
</testsuite> <!-- com.ecommercewebform.testcases.TC_02 -->
