<?xml version="1.0" encoding="UTF-8"?>
<!-- Generated by org.testng.reporters.JUnitReportReporter -->
<testsuite hostname="Dell" failures="0" tests="2" name="com.ecommercewebform.testcases.TC_03" time="34.778" errors="0" timestamp="2021-05-25T19:16:29 PKT" skipped="0">
  <testcase classname="com.ecommercewebform.testcases.TC_03" name="main" time="25.173"/>
  <system-out/>
  <testcase classname="com.ecommercewebform.testcases.TC_03" name="TC3" time="9.605"/>
  <system-out/>
</testsuite> <!-- com.ecommercewebform.testcases.TC_03 -->
