<?xml version="1.0" encoding="UTF-8"?>
<!-- Generated by org.testng.reporters.JUnitReportReporter -->
<testsuite hostname="Dell" failures="0" tests="2" name="com.ecommercewebform.testcases.TC_01" time="58.125" errors="0" timestamp="2021-05-25T19:16:29 PKT" skipped="0">
  <testcase classname="com.ecommercewebform.testcases.TC_01" name="TC1" time="22.706"/>
  <system-out/>
  <testcase classname="com.ecommercewebform.testcases.TC_01" name="main" time="35.419"/>
  <system-out/>
</testsuite> <!-- com.ecommercewebform.testcases.TC_01 -->
